<?xml version="1.0" encoding="UTF-8"?>
<!-- Generated by org.testng.reporters.JUnitReportReporter -->
<testsuite hostname="DESKTOP-68MMSVA" failures="0" tests="2" name="com.TestNG.TestNG" time="13.858" errors="0" timestamp="2022-04-15T16:10:21 IST" skipped="0">
  <testcase classname="com.TestNG.TestNG" name="verifyPageTitleTest" time="5.488"/>
  <system-out/>
  <testcase classname="com.TestNG.TestNG" name="verifyFreeCRMLogoTest" time="8.370"/>
  <system-out/>
</testsuite> <!-- com.TestNG.TestNG -->
