<?xml version="1.0" encoding="UTF-8"?>
<!-- Generated by org.testng.reporters.JUnitReportReporter -->
<testsuite skipped="0" hostname="DESKTOP-68MMSVA" name="package1.test3" tests="1" failures="0" timestamp="07 Feb 2023 18:00:39 GMT" time="0.002" errors="0">
  <testcase name="CarWeblogin" time="0.002" classname="package1.test3"/>
</testsuite> <!-- package1.test3 -->
