<?xml version="1.0" encoding="UTF-8"?>
<!-- Generated by org.testng.reporters.JUnitReportReporter -->
<testsuite skipped="0" hostname="DESKTOP-68MMSVA" name="package1.test2" tests="4" failures="0" timestamp="19 Feb 2023 18:26:29 GMT" time="0.009" errors="0">
  <testcase name="Demo8" time="0.003" classname="package1.test2"/>
  <testcase name="Demo8" time="0.001" classname="package1.test2"/>
  <testcase name="Demo3" time="0.004" classname="package1.test2"/>
  <testcase name="Demo8" time="0.001" classname="package1.test2"/>
</testsuite> <!-- package1.test2 -->
