<?xml version="1.0" encoding="UTF-8"?>
<!-- Generated by org.testng.reporters.JUnitReportReporter -->
<testsuite skipped="0" hostname="DESKTOP-68MMSVA" name="package1.test4" tests="4" failures="0" timestamp="07 Feb 2023 19:06:28 GMT" time="0.009" errors="0">
  <testcase name="script3" time="0.002" classname="package1.test4"/>
  <testcase name="Demo5" time="0.005" classname="package1.test4"/>
  <testcase name="script1" time="0.001" classname="package1.test4"/>
  <testcase name="script2" time="0.001" classname="package1.test4"/>
</testsuite> <!-- package1.test4 -->
