<?xml version="1.0" encoding="UTF-8"?>
<!-- Generated by org.testng.reporters.JUnitReportReporter -->
<testsuite skipped="1" hostname="DESKTOP-68MMSVA" name="package1.sample1" tests="1" failures="0" timestamp="19 Feb 2023 18:10:19 GMT" time="0.000" errors="0">
  <testcase name="LoginApplication1" time="0.000" classname="package1.sample1">
    <skipped/>
  </testcase> <!-- LoginApplication1 -->
</testsuite> <!-- package1.sample1 -->
